Time resolution is 1 ps
@40000 === AXI4-Stream Processor Testbench Started ===
@40000
*** TEST: CH0 and CH1 sending packets ***
@50000
=== Starting packet transmission on CH0 (Size: 5) ===
>> GEN CH0: a2=a2 a1=a1 a0=a0 → DATA=a2a1a0
@50000
=== Starting packet transmission on CH1 (Size: 5) ===
>> GEN CH1: a2=a2 a1=a1 a0=a0 → DATA=a2a1a0
@65000 CH0 SENT BEAT 1/5: DATA=a2a1a0, LAST=0
>> GEN CH0: a2=a5 a1=a4 a0=a3 → DATA=a5a4a3
@65000 CH1 SENT BEAT 1/5: DATA=a2a1a0, LAST=0
>> GEN CH1: a2=a5 a1=a4 a0=a3 → DATA=a5a4a3
@85000 CH0 SENT BEAT 2/5: DATA=a5a4a3, LAST=0
>> GEN CH0: a2=a8 a1=a7 a0=a6 → DATA=a8a7a6
@85000 CH1 SENT BEAT 2/5: DATA=a5a4a3, LAST=0
>> GEN CH1: a2=a8 a1=a7 a0=a6 → DATA=a8a7a6
@105000 CH0 SENT BEAT 3/5: DATA=a8a7a6, LAST=0
>> GEN CH0: a2=ab a1=aa a0=a9 → DATA=abaaa9
@105000 CH1 SENT BEAT 3/5: DATA=a8a7a6, LAST=0
>> GEN CH1: a2=ab a1=aa a0=a9 → DATA=abaaa9
@125000 CH0 SENT BEAT 4/5: DATA=abaaa9, LAST=0
>> GEN CH0: a2=ae a1=ad a0=ac → DATA=aeadac
@125000 CH1 SENT BEAT 4/5: DATA=abaaa9, LAST=0
>> GEN CH1: a2=ae a1=ad a0=ac → DATA=aeadac
@145000 CH0 SENT BEAT 5/5: DATA=aeadac, LAST=1
@145000 === Completed packet transmission on CH0 ===

@145000 CH1 SENT BEAT 5/5: DATA=aeadac, LAST=1
@145000 === Completed packet transmission on CH1 ===

@185000                              -> MASTER_OUTPUT: a3_a3_a2_a2_a1_a1_a0_a0 LAST=0
@185000  -----------------------------master_packet : 0
@185000 											[DUT]->  buffer_1: 00_00_ae_ae_ad_ad_ac_ac
@185000 											[DUT]->  buffer_2: a7_a7_a6_a6_a5_a5_a4_a4
@185000 											[DUT]->  buffer_3: ab_ab_aa_aa_a9_a9_a8_a8
@185000 											[DUT] switch_select : MUX_BUFFER_2
@185000 											[DUT] switch_select : MUX_BUFFER_2
@185000                                          buffer_a : 1 , buffer_b : 1 buffer_c : 1 
@185000 -------------------------------
@215000
*** TEST: CH0 and CH1 sending packets ***
@225000
=== Starting packet transmission on CH0 (Size: 5) ===
>> GEN CH0: a2=b1 a1=b0 a0=af → DATA=b1b0af
@225000
=== Starting packet transmission on CH1 (Size: 5) ===
>> GEN CH1: a2=b1 a1=b0 a0=af → DATA=b1b0af
@235000 CH0 SENT BEAT 1/5: DATA=b1b0af, LAST=0
>> GEN CH0: a2=b4 a1=b3 a0=b2 → DATA=b4b3b2
@235000 CH1 SENT BEAT 1/5: DATA=b1b0af, LAST=0
>> GEN CH1: a2=b4 a1=b3 a0=b2 → DATA=b4b3b2
@235000                              -> MASTER_OUTPUT: a7_a7_a6_a6_a5_a5_a4_a4 LAST=0
@235000  -----------------------------master_packet : 1
@235000 											[DUT]->  buffer_1: 00_00_ae_ae_ad_ad_ac_ac
@235000 											[DUT]->  buffer_2: a7_a7_a6_a6_a5_a5_a4_a4
@235000 											[DUT]->  buffer_3: ab_ab_aa_aa_a9_a9_a8_a8
@235000 											[DUT] switch_select : MUX_BUFFER_3
@235000 											[DUT] switch_select : MUX_BUFFER_3
@235000                                          buffer_a : 1 , buffer_b : 0 buffer_c : 1 
@235000 -------------------------------
@255000 CH0 SENT BEAT 2/5: DATA=b4b3b2, LAST=0
>> GEN CH0: a2=b7 a1=b6 a0=b5 → DATA=b7b6b5
@255000 CH1 SENT BEAT 2/5: DATA=b4b3b2, LAST=0
>> GEN CH1: a2=b7 a1=b6 a0=b5 → DATA=b7b6b5
@255000                              -> MASTER_OUTPUT: ab_ab_aa_aa_a9_a9_a8_a8 LAST=0
@255000  -----------------------------master_packet : 0
@255000 											[DUT]->  buffer_1: 00_00_ae_ae_ad_ad_ac_ac
@255000 											[DUT]->  buffer_2: a7_a7_a6_a6_a5_a5_a4_a4
@255000 											[DUT]->  buffer_3: ab_ab_aa_aa_a9_a9_a8_a8
@255000 											[DUT] switch_select : MUX_BUFFER_1
@255000 											[DUT] switch_select : MUX_BUFFER_1
@255000                                          buffer_a : 1 , buffer_b : 0 buffer_c : 0 
@255000 -------------------------------
@265000                              -> MASTER_OUTPUT: 00_00_ae_ae_ad_ad_ac_ac LAST=1
@265000  -----------------------------master_packet : 1
@265000 											[DUT]->  buffer_1: 00_00_ae_ae_ad_ad_ac_ac
@265000 											[DUT]->  buffer_2: a7_a7_a6_a6_a5_a5_a4_a4
@265000 											[DUT]->  buffer_3: ab_ab_aa_aa_a9_a9_a8_a8
@265000 											[DUT] switch_select : MUX_BUFFER_1
@265000 											[DUT] switch_select : MUX_BUFFER_1
@265000                                          buffer_a : 0 , buffer_b : 0 buffer_c : 0 
@265000 -------------------------------
@275000 CH0 SENT BEAT 3/5: DATA=b7b6b5, LAST=0
>> GEN CH0: a2=ba a1=b9 a0=b8 → DATA=bab9b8
@275000 CH1 SENT BEAT 3/5: DATA=b7b6b5, LAST=0
>> GEN CH1: a2=ba a1=b9 a0=b8 → DATA=bab9b8
@295000 CH0 SENT BEAT 4/5: DATA=bab9b8, LAST=0
>> GEN CH0: a2=bd a1=bc a0=bb → DATA=bdbcbb
@295000 CH1 SENT BEAT 4/5: DATA=bab9b8, LAST=0
>> GEN CH1: a2=bd a1=bc a0=bb → DATA=bdbcbb
@295000                              -> MASTER_OUTPUT: b2_b2_b1_b1_b0_b0_af_af LAST=0
@295000  -----------------------------master_packet : 0
@295000 											[DUT]->  buffer_1: b2_b2_b1_b1_b0_b0_af_af
@295000 											[DUT]->  buffer_2: b6_b6_b5_b5_b4_b4_b3_b3
@295000 											[DUT]->  buffer_3: ab_ab_aa_aa_a9_a9_b7_b7
@295000 											[DUT] switch_select : MUX_BUFFER_2
@295000 											[DUT] switch_select : MUX_BUFFER_2
@295000                                          buffer_a : 0 , buffer_b : 1 buffer_c : 0 
@295000 -------------------------------
@305000                              -> MASTER_OUTPUT: b6_b6_b5_b5_b4_b4_b3_b3 LAST=0
@305000  -----------------------------master_packet : 1
@305000 											[DUT]->  buffer_1: b2_b2_b1_b1_b0_b0_af_af
@305000 											[DUT]->  buffer_2: b6_b6_b5_b5_b4_b4_b3_b3
@305000 											[DUT]->  buffer_3: b7_b7_b6_b6_b5_b5_b7_b7
@305000 											[DUT] switch_select : MUX_BUFFER_3
@305000 											[DUT] switch_select : MUX_BUFFER_3
@305000                                          buffer_a : 0 , buffer_b : 0 buffer_c : 1 
@305000 -------------------------------
@315000 CH0 SENT BEAT 5/5: DATA=bdbcbb, LAST=1
@315000 === Completed packet transmission on CH0 ===

@315000 CH1 SENT BEAT 5/5: DATA=bdbcbb, LAST=1
@315000 === Completed packet transmission on CH1 ===

@315000                              -> MASTER_OUTPUT: b7_b7_b6_b6_b5_b5_b7_b7 LAST=0
@315000  -----------------------------master_packet : 0
@315000 											[DUT]->  buffer_1: b2_b2_ba_ba_b9_b9_b8_b8
@315000 											[DUT]->  buffer_2: b6_b6_b5_b5_b4_b4_b3_b3
@315000 											[DUT]->  buffer_3: b7_b7_b6_b6_b5_b5_b7_b7
@315000 											[DUT] switch_select : MUX_BUFFER_1
@315000 											[DUT] switch_select : MUX_BUFFER_1
@315000                                          buffer_a : 0 , buffer_b : 0 buffer_c : 0 
@315000 -------------------------------
@345000                              -> MASTER_OUTPUT: bb_bb_ba_ba_b9_b9_b8_b8 LAST=0
@345000  -----------------------------master_packet : 1
@345000 											[DUT]->  buffer_1: bb_bb_ba_ba_b9_b9_b8_b8
@345000 											[DUT]->  buffer_2: 00_00_00_00_bd_bd_bc_bc
@345000 											[DUT]->  buffer_3: b7_b7_b6_b6_b5_b5_b7_b7
@345000 											[DUT] switch_select : MUX_BUFFER_2
@345000 											[DUT] switch_select : MUX_BUFFER_2
@345000                                          buffer_a : 0 , buffer_b : 1 buffer_c : 0 
@345000 -------------------------------
@355000                              -> MASTER_OUTPUT: 00_00_00_00_bd_bd_bc_bc LAST=1
@355000  -----------------------------master_packet : 0
@355000 											[DUT]->  buffer_1: bb_bb_ba_ba_b9_b9_b8_b8
@355000 											[DUT]->  buffer_2: 00_00_00_00_bd_bd_bc_bc
@355000 											[DUT]->  buffer_3: b7_b7_b6_b6_b5_b5_b7_b7
@355000 											[DUT] switch_select : MUX_BUFFER_1
@355000 											[DUT] switch_select : MUX_BUFFER_1
@355000                                          buffer_a : 0 , buffer_b : 0 buffer_c : 0 
@355000 -------------------------------
@385000
*** TEST: CH0 and CH1 sending packets ***
@395000
=== Starting packet transmission on CH0 (Size: 5) ===
>> GEN CH0: a2=c0 a1=bf a0=be → DATA=c0bfbe
@395000
=== Starting packet transmission on CH1 (Size: 5) ===
>> GEN CH1: a2=c0 a1=bf a0=be → DATA=c0bfbe
@405000 CH0 SENT BEAT 1/5: DATA=c0bfbe, LAST=0
>> GEN CH0: a2=c3 a1=c2 a0=c1 → DATA=c3c2c1
@405000 CH1 SENT BEAT 1/5: DATA=c0bfbe, LAST=0
>> GEN CH1: a2=c3 a1=c2 a0=c1 → DATA=c3c2c1
@425000 CH0 SENT BEAT 2/5: DATA=c3c2c1, LAST=0
>> GEN CH0: a2=c6 a1=c5 a0=c4 → DATA=c6c5c4
@425000 CH1 SENT BEAT 2/5: DATA=c3c2c1, LAST=0
>